<?xml version="1.0" encoding="UTF-8"?>
<testng-results skipped="0" failed="0" total="1" passed="1">
  <reporter-output>
  </reporter-output>
  <suite name="Default suite" duration-ms="20032" started-at="2016-09-22T05:38:49Z" finished-at="2016-09-22T05:39:09Z">
    <groups>
    </groups>
    <test name="Default test" duration-ms="20032" started-at="2016-09-22T05:38:49Z" finished-at="2016-09-22T05:39:09Z">
      <class name="com.script.SimpleParameter">
        <test-method status="PASS" signature="launchBrowser()[pri:0, instance:com.script.SimpleParameter@28f67ac7]" name="launchBrowser" duration-ms="20021" started-at="2016-09-22T11:08:49Z" finished-at="2016-09-22T11:09:09Z">
          <reporter-output>
          </reporter-output>
        </test-method> <!-- launchBrowser -->
      </class> <!-- com.script.SimpleParameter -->
    </test> <!-- Default test -->
  </suite> <!-- Default suite -->
</testng-results>
